<?xml version="1.0" encoding="UTF-8"?>
<robot generator="Robot 6.0.2 (Python 3.9.10 on win32)" generated="20240830 11:30:48.667" rpa="false" schemaversion="3">
<suite id="s1" name="Testing" source="C:\Users\varun.rotti\PycharmProjects\TakeYouForwardDSA\Robot\Testing.robot">
<test id="s1-t1" name="My Test" line="16">
<kw name="Remove the single quote">
<kw name="Log To Console" library="BuiltIn">
<arg>Strip String</arg>
<arg>${sfp_value_of_module}</arg>
<arg>characters='</arg>
<doc>Logs the given message to the console.</doc>
<status status="PASS" starttime="20240830 11:30:48.713" endtime="20240830 11:30:48.714"/>
</kw>
<status status="PASS" starttime="20240830 11:30:48.713" endtime="20240830 11:30:48.714"/>
</kw>
<status status="PASS" starttime="20240830 11:30:48.712" endtime="20240830 11:30:48.714"/>
</test>
<status status="PASS" starttime="20240830 11:30:48.670" endtime="20240830 11:30:48.715"/>
</suite>
<statistics>
<total>
<stat pass="1" fail="0" skip="0">All Tests</stat>
</total>
<tag>
</tag>
<suite>
<stat pass="1" fail="0" skip="0" id="s1" name="Testing">Testing</stat>
</suite>
</statistics>
<errors>
</errors>
</robot>
